<?xml version="1.0" encoding="UTF-8"?>
<!-- Generated by org.testng.reporters.JUnitReportReporter -->
<testsuite skipped="0" hostname="Yogesh" name="com.restassured.runner.RunnerClass" tests="1" failures="0" timestamp="28 May 2020 08:35:04 GMT" time="0.252" errors="0">
  <testcase name="feature" time="0.252" classname="com.restassured.runner.RunnerClass"/>
</testsuite> <!-- com.restassured.runner.RunnerClass -->
