<?xml version="1.0" encoding="UTF-8"?>
<!-- Generated by org.testng.reporters.JUnitReportReporter -->
<testsuite skipped="0" hostname="Yogesh" name="com.restassured.runner.TestRunner" tests="2" failures="0" timestamp="29 Jun 2020 15:37:18 GMT" time="73.263" errors="0">
  <testcase name="feature" time="55.690" classname="com.restassured.runner.TestRunner"/>
  <testcase name="feature" time="17.573" classname="com.restassured.runner.TestRunner"/>
</testsuite> <!-- com.restassured.runner.TestRunner -->
